This file contains any messages produced by compilers while
running configure, to aid debugging if configure makes a mistake.

It was created by FULL-PACKAGE-NAME configure VERSION, which was
generated by GNU Autoconf 2.69.  Invocation command line was

  $ ./configure 

## --------- ##
## Platform. ##
## --------- ##

hostname = Satanik
uname -m = x86_64
uname -r = 3.7.10-gentoo
uname -s = Linux
uname -v = #1 SMP PREEMPT Sun Mar 10 09:56:04 CET 2013

/usr/bin/uname -p = Intel(R) Core(TM) i7-3930K CPU @ 3.20GHz
/bin/uname -X     = unknown

/bin/arch              = unknown
/usr/bin/arch -k       = unknown
/usr/convex/getsysinfo = unknown
/usr/bin/hostinfo      = unknown
/bin/machine           = unknown
/usr/bin/oslevel       = unknown
/bin/universe          = unknown

PATH: /usr/local/bin
PATH: /usr/bin
PATH: /bin
PATH: /opt/bin
PATH: /usr/x86_64-pc-linux-gnu/gcc-bin/4.6.3
PATH: /opt/nvidia-cg-toolkit/bin
PATH: /usr/games/bin


## ----------- ##
## Core tests. ##
## ----------- ##

configure:2096: checking for gcc
configure:2112: found /usr/bin/gcc
configure:2123: result: gcc
configure:2352: checking for C compiler version
configure:2361: gcc --version >&5
gcc (Gentoo 4.6.3 p1.13, pie-0.5.2) 4.6.3
Copyright (C) 2011 Free Software Foundation, Inc.
This is free software; see the source for copying conditions.  There is NO
warranty; not even for MERCHANTABILITY or FITNESS FOR A PARTICULAR PURPOSE.

configure:2372: $? = 0
configure:2361: gcc -v >&5
Using built-in specs.
COLLECT_GCC=/usr/x86_64-pc-linux-gnu/gcc-bin/4.6.3/gcc
COLLECT_LTO_WRAPPER=/usr/libexec/gcc/x86_64-pc-linux-gnu/4.6.3/lto-wrapper
Target: x86_64-pc-linux-gnu
Configured with: /var/tmp/portage/sys-devel/gcc-4.6.3/work/gcc-4.6.3/configure --prefix=/usr --bindir=/usr/x86_64-pc-linux-gnu/gcc-bin/4.6.3 --includedir=/usr/lib/gcc/x86_64-pc-linux-gnu/4.6.3/include --datadir=/usr/share/gcc-data/x86_64-pc-linux-gnu/4.6.3 --mandir=/usr/share/gcc-data/x86_64-pc-linux-gnu/4.6.3/man --infodir=/usr/share/gcc-data/x86_64-pc-linux-gnu/4.6.3/info --with-gxx-include-dir=/usr/lib/gcc/x86_64-pc-linux-gnu/4.6.3/include/g++-v4 --host=x86_64-pc-linux-gnu --build=x86_64-pc-linux-gnu --disable-altivec --disable-fixed-point --without-cloog --without-ppl --disable-lto --enable-nls --without-included-gettext --with-system-zlib --enable-obsolete --disable-werror --enable-secureplt --enable-multilib --enable-libmudflap --disable-libssp --enable-libgomp --with-python-dir=/share/gcc-data/x86_64-pc-linux-gnu/4.6.3/python --enable-checking=release --disable-libgcj --enable-libstdcxx-time --enable-languages=c,c++,fortran --enable-shared --enable-threads=posix --enable-__cxa_atexit --enable-clocale=gnu --enable-targets=all --with-bugurl=http://bugs.gentoo.org/ --with-pkgversion='Gentoo 4.6.3 p1.13, pie-0.5.2'
Thread model: posix
gcc version 4.6.3 (Gentoo 4.6.3 p1.13, pie-0.5.2) 
configure:2372: $? = 0
configure:2361: gcc -V >&5
gcc: error: unrecognized option '-V'
gcc: fatal error: no input files
compilation terminated.
configure:2372: $? = 1
configure:2361: gcc -qversion >&5
gcc: error: unrecognized option '-qversion'
gcc: fatal error: no input files
compilation terminated.
configure:2372: $? = 1
configure:2392: checking whether the C compiler works
configure:2414: gcc    conftest.c  >&5
configure:2418: $? = 0
configure:2466: result: yes
configure:2469: checking for C compiler default output file name
configure:2471: result: a.out
configure:2477: checking for suffix of executables
configure:2484: gcc -o conftest    conftest.c  >&5
configure:2488: $? = 0
configure:2510: result: 
configure:2532: checking whether we are cross compiling
configure:2540: gcc -o conftest    conftest.c  >&5
configure:2544: $? = 0
configure:2551: ./conftest
configure:2555: $? = 0
configure:2570: result: no
configure:2575: checking for suffix of object files
configure:2597: gcc -c   conftest.c >&5
configure:2601: $? = 0
configure:2622: result: o
configure:2626: checking whether we are using the GNU C compiler
configure:2645: gcc -c   conftest.c >&5
configure:2645: $? = 0
configure:2654: result: yes
configure:2663: checking whether gcc accepts -g
configure:2683: gcc -c -g  conftest.c >&5
configure:2683: $? = 0
configure:2724: result: yes
configure:2741: checking for gcc option to accept ISO C89
configure:2804: gcc  -c -g -O2  conftest.c >&5
configure:2804: $? = 0
configure:2817: result: none needed
configure:2882: checking for a BSD-compatible install
configure:2950: result: /usr/bin/install -c
configure:2961: checking whether build environment is sane
configure:3016: result: yes
configure:3167: checking for a thread-safe mkdir -p
configure:3206: result: /bin/mkdir -p
configure:3213: checking for gawk
configure:3229: found /usr/bin/gawk
configure:3240: result: gawk
configure:3251: checking whether make sets $(MAKE)
configure:3273: result: yes
configure:3303: checking for style of include used by make
configure:3331: result: GNU
configure:3423: checking dependency style of gcc
configure:3534: result: gcc3
configure:3604: checking for pkg-config
configure:3622: found /usr/bin/pkg-config
configure:3634: result: /usr/bin/pkg-config
configure:3659: checking pkg-config is at least version 0.9.0
configure:3662: result: yes
configure:3672: checking for ELEMENTARY
configure:3679: $PKG_CONFIG --exists --print-errors "elementary"
configure:3682: $? = 0
configure:3696: $PKG_CONFIG --exists --print-errors "elementary"
configure:3699: $? = 0
configure:3757: result: yes
configure:3775: checking how to run the C preprocessor
configure:3806: gcc -E  conftest.c
configure:3806: $? = 0
configure:3820: gcc -E  conftest.c
conftest.c:11:28: fatal error: ac_nonexistent.h: No such file or directory
compilation terminated.
configure:3820: $? = 1
configure: failed program was:
| /* confdefs.h */
| #define PACKAGE_NAME "FULL-PACKAGE-NAME"
| #define PACKAGE_TARNAME "full-package-name"
| #define PACKAGE_VERSION "VERSION"
| #define PACKAGE_STRING "FULL-PACKAGE-NAME VERSION"
| #define PACKAGE_BUGREPORT "BUG-REPORT-ADDRESS"
| #define PACKAGE_URL ""
| #define PACKAGE "full-package-name"
| #define VERSION "VERSION"
| /* end confdefs.h.  */
| #include <ac_nonexistent.h>
configure:3845: result: gcc -E
configure:3865: gcc -E  conftest.c
configure:3865: $? = 0
configure:3879: gcc -E  conftest.c
conftest.c:11:28: fatal error: ac_nonexistent.h: No such file or directory
compilation terminated.
configure:3879: $? = 1
configure: failed program was:
| /* confdefs.h */
| #define PACKAGE_NAME "FULL-PACKAGE-NAME"
| #define PACKAGE_TARNAME "full-package-name"
| #define PACKAGE_VERSION "VERSION"
| #define PACKAGE_STRING "FULL-PACKAGE-NAME VERSION"
| #define PACKAGE_BUGREPORT "BUG-REPORT-ADDRESS"
| #define PACKAGE_URL ""
| #define PACKAGE "full-package-name"
| #define VERSION "VERSION"
| /* end confdefs.h.  */
| #include <ac_nonexistent.h>
configure:3908: checking for grep that handles long lines and -e
configure:3966: result: /bin/grep
configure:3971: checking for egrep
configure:4033: result: /bin/grep -E
configure:4038: checking for ANSI C header files
configure:4058: gcc -c -g -O2  conftest.c >&5
configure:4058: $? = 0
configure:4131: gcc -o conftest -g -O2   conftest.c  >&5
configure:4131: $? = 0
configure:4131: ./conftest
configure:4131: $? = 0
configure:4142: result: yes
configure:4155: checking for sys/types.h
configure:4155: gcc -c -g -O2  conftest.c >&5
configure:4155: $? = 0
configure:4155: result: yes
configure:4155: checking for sys/stat.h
configure:4155: gcc -c -g -O2  conftest.c >&5
configure:4155: $? = 0
configure:4155: result: yes
configure:4155: checking for stdlib.h
configure:4155: gcc -c -g -O2  conftest.c >&5
configure:4155: $? = 0
configure:4155: result: yes
configure:4155: checking for string.h
configure:4155: gcc -c -g -O2  conftest.c >&5
configure:4155: $? = 0
configure:4155: result: yes
configure:4155: checking for memory.h
configure:4155: gcc -c -g -O2  conftest.c >&5
configure:4155: $? = 0
configure:4155: result: yes
configure:4155: checking for strings.h
configure:4155: gcc -c -g -O2  conftest.c >&5
configure:4155: $? = 0
configure:4155: result: yes
configure:4155: checking for inttypes.h
configure:4155: gcc -c -g -O2  conftest.c >&5
configure:4155: $? = 0
configure:4155: result: yes
configure:4155: checking for stdint.h
configure:4155: gcc -c -g -O2  conftest.c >&5
configure:4155: $? = 0
configure:4155: result: yes
configure:4155: checking for unistd.h
configure:4155: gcc -c -g -O2  conftest.c >&5
configure:4155: $? = 0
configure:4155: result: yes
configure:4169: checking for stdlib.h
configure:4169: result: yes
configure:4179: checking for GNU libc compatible malloc
configure:4203: gcc -o conftest -g -O2   conftest.c  >&5
configure:4203: $? = 0
configure:4203: ./conftest
configure:4203: $? = 0
configure:4213: result: yes
configure:4346: checking that generated files are newer than configure
configure:4352: result: done
configure:4375: creating ./config.status

## ---------------------- ##
## Running config.status. ##
## ---------------------- ##

This file was extended by FULL-PACKAGE-NAME config.status VERSION, which was
generated by GNU Autoconf 2.69.  Invocation command line was

  CONFIG_FILES    = 
  CONFIG_HEADERS  = 
  CONFIG_LINKS    = 
  CONFIG_COMMANDS = 
  $ ./config.status 

on Satanik

config.status:863: creating Makefile
config.status:863: creating config.h
config.status:1092: executing depfiles commands

## ---------------- ##
## Cache variables. ##
## ---------------- ##

ac_cv_c_compiler_gnu=yes
ac_cv_env_CC_set=
ac_cv_env_CC_value=
ac_cv_env_CFLAGS_set=
ac_cv_env_CFLAGS_value=
ac_cv_env_CPPFLAGS_set=
ac_cv_env_CPPFLAGS_value=
ac_cv_env_CPP_set=
ac_cv_env_CPP_value=
ac_cv_env_ELEMENTARY_CFLAGS_set=
ac_cv_env_ELEMENTARY_CFLAGS_value=
ac_cv_env_ELEMENTARY_LIBS_set=
ac_cv_env_ELEMENTARY_LIBS_value=
ac_cv_env_LDFLAGS_set=
ac_cv_env_LDFLAGS_value=
ac_cv_env_LIBS_set=
ac_cv_env_LIBS_value=
ac_cv_env_PKG_CONFIG_LIBDIR_set=
ac_cv_env_PKG_CONFIG_LIBDIR_value=
ac_cv_env_PKG_CONFIG_PATH_set=set
ac_cv_env_PKG_CONFIG_PATH_value=/usr/local/lib/pkgconfig/:/usr/lib64/pkgconfig/:/usr/local/lib64/pkgconfig/
ac_cv_env_PKG_CONFIG_set=
ac_cv_env_PKG_CONFIG_value=
ac_cv_env_build_alias_set=
ac_cv_env_build_alias_value=
ac_cv_env_host_alias_set=
ac_cv_env_host_alias_value=
ac_cv_env_target_alias_set=
ac_cv_env_target_alias_value=
ac_cv_func_malloc_0_nonnull=yes
ac_cv_header_inttypes_h=yes
ac_cv_header_memory_h=yes
ac_cv_header_stdc=yes
ac_cv_header_stdint_h=yes
ac_cv_header_stdlib_h=yes
ac_cv_header_string_h=yes
ac_cv_header_strings_h=yes
ac_cv_header_sys_stat_h=yes
ac_cv_header_sys_types_h=yes
ac_cv_header_unistd_h=yes
ac_cv_objext=o
ac_cv_path_EGREP='/bin/grep -E'
ac_cv_path_GREP=/bin/grep
ac_cv_path_ac_pt_PKG_CONFIG=/usr/bin/pkg-config
ac_cv_path_install='/usr/bin/install -c'
ac_cv_path_mkdir=/bin/mkdir
ac_cv_prog_AWK=gawk
ac_cv_prog_CPP='gcc -E'
ac_cv_prog_ac_ct_CC=gcc
ac_cv_prog_cc_c89=
ac_cv_prog_cc_g=yes
ac_cv_prog_make_make_set=yes
am_cv_CC_dependencies_compiler_type=gcc3
pkg_cv_ELEMENTARY_CFLAGS='-pthread -I/usr/local/include/elementary-1 -I/usr/local/include/ethumb-client-1 -I/usr/local/include/ethumb-1 -I/usr/local/include/efreet-1 -I/usr/local/include/eldbus-1 -I/usr/local/include/ecore-x-1 -I/usr/local/include/emotion-1 -I/usr/local/include/eeze-1 -I/usr/local/include/edje-1 -I/usr/local/include/ephysics-1 -I/usr/local/include/eio-1 -I/usr/local/include/embryo-1 -I/usr/local/include/ecore-imf-evas-1 -I/usr/local/include/ecore-imf-1 -I/usr/local/include/ecore-file-1 -I/usr/local/include/ecore-con-1 -I/usr/local/include/ecore-evas-1 -I/usr/local/include/ecore-input-evas-1 -I/usr/local/include/ecore-input-1 -I/usr/local/include/ecore-1 -I/usr/local/include/efl-1 -I/usr/local/include/evas-1 -I/usr/local/include/efl-1 -I/usr/local/include/eo-1 -I/usr/local/include/eet-1 -I/usr/local/include/eina-1 -I/usr/local/include/eina-1/eina -I/usr/include/dbus-1.0 -I/usr/lib64/dbus-1.0/include -I/usr/include/libmount -I/usr/include/blkid -I/usr/include/uuid -I/usr/include/bullet -I/usr/include/libpng15 -I/usr/include/fribidi -I/usr/include/glib-2.0 -I/usr/lib64/glib-2.0/include -I/usr/include/freetype2 '
pkg_cv_ELEMENTARY_LIBS='-L/usr/local/lib -lelementary -lm -leina -lpthread -leet -levas -lecore -lecore_evas -lecore_file -lecore_input -ledje -leo -lefreet -lefreet_mime -lefreet_trash -lethumb_client -lecore_imf -lecore_con '

## ----------------- ##
## Output variables. ##
## ----------------- ##

ACLOCAL='${SHELL} /home/satanik/essais/Raspi/Projets/Server/missing --run aclocal-1.12'
AMDEPBACKSLASH='\'
AMDEP_FALSE='#'
AMDEP_TRUE=''
AMTAR='$${TAR-tar}'
AUTOCONF='${SHELL} /home/satanik/essais/Raspi/Projets/Server/missing --run autoconf'
AUTOHEADER='${SHELL} /home/satanik/essais/Raspi/Projets/Server/missing --run autoheader'
AUTOMAKE='${SHELL} /home/satanik/essais/Raspi/Projets/Server/missing --run automake-1.12'
AWK='gawk'
CC='gcc'
CCDEPMODE='depmode=gcc3'
CFLAGS='-g -O2'
CPP='gcc -E'
CPPFLAGS=''
CYGPATH_W='echo'
DEFS='-DHAVE_CONFIG_H'
DEPDIR='.deps'
ECHO_C=''
ECHO_N='-n'
ECHO_T=''
EGREP='/bin/grep -E'
ELEMENTARY_CFLAGS='-pthread -I/usr/local/include/elementary-1 -I/usr/local/include/ethumb-client-1 -I/usr/local/include/ethumb-1 -I/usr/local/include/efreet-1 -I/usr/local/include/eldbus-1 -I/usr/local/include/ecore-x-1 -I/usr/local/include/emotion-1 -I/usr/local/include/eeze-1 -I/usr/local/include/edje-1 -I/usr/local/include/ephysics-1 -I/usr/local/include/eio-1 -I/usr/local/include/embryo-1 -I/usr/local/include/ecore-imf-evas-1 -I/usr/local/include/ecore-imf-1 -I/usr/local/include/ecore-file-1 -I/usr/local/include/ecore-con-1 -I/usr/local/include/ecore-evas-1 -I/usr/local/include/ecore-input-evas-1 -I/usr/local/include/ecore-input-1 -I/usr/local/include/ecore-1 -I/usr/local/include/efl-1 -I/usr/local/include/evas-1 -I/usr/local/include/efl-1 -I/usr/local/include/eo-1 -I/usr/local/include/eet-1 -I/usr/local/include/eina-1 -I/usr/local/include/eina-1/eina -I/usr/include/dbus-1.0 -I/usr/lib64/dbus-1.0/include -I/usr/include/libmount -I/usr/include/blkid -I/usr/include/uuid -I/usr/include/bullet -I/usr/include/libpng15 -I/usr/include/fribidi -I/usr/include/glib-2.0 -I/usr/lib64/glib-2.0/include -I/usr/include/freetype2 '
ELEMENTARY_LIBS='-L/usr/local/lib -lelementary -lm -leina -lpthread -leet -levas -lecore -lecore_evas -lecore_file -lecore_input -ledje -leo -lefreet -lefreet_mime -lefreet_trash -lethumb_client -lecore_imf -lecore_con '
EXEEXT=''
GREP='/bin/grep'
INSTALL_DATA='${INSTALL} -m 644'
INSTALL_PROGRAM='${INSTALL}'
INSTALL_SCRIPT='${INSTALL}'
INSTALL_STRIP_PROGRAM='$(install_sh) -c -s'
LDFLAGS=''
LIBOBJS=''
LIBS=''
LTLIBOBJS=''
MAKEINFO='${SHELL} /home/satanik/essais/Raspi/Projets/Server/missing --run makeinfo'
MKDIR_P='/bin/mkdir -p'
OBJEXT='o'
PACKAGE='full-package-name'
PACKAGE_BUGREPORT='BUG-REPORT-ADDRESS'
PACKAGE_NAME='FULL-PACKAGE-NAME'
PACKAGE_STRING='FULL-PACKAGE-NAME VERSION'
PACKAGE_TARNAME='full-package-name'
PACKAGE_URL=''
PACKAGE_VERSION='VERSION'
PATH_SEPARATOR=':'
PKG_CONFIG='/usr/bin/pkg-config'
PKG_CONFIG_LIBDIR=''
PKG_CONFIG_PATH='/usr/local/lib/pkgconfig/:/usr/lib64/pkgconfig/:/usr/local/lib64/pkgconfig/'
SET_MAKE=''
SHELL='/bin/sh'
STRIP=''
VERSION='VERSION'
ac_ct_CC='gcc'
am__EXEEXT_FALSE=''
am__EXEEXT_TRUE='#'
am__fastdepCC_FALSE='#'
am__fastdepCC_TRUE=''
am__include='include'
am__isrc=''
am__leading_dot='.'
am__nodep='_no'
am__quote=''
am__tar='$${TAR-tar} chof - "$$tardir"'
am__untar='$${TAR-tar} xf -'
bindir='${exec_prefix}/bin'
build_alias=''
datadir='${datarootdir}'
datarootdir='${prefix}/share'
docdir='${datarootdir}/doc/${PACKAGE_TARNAME}'
dvidir='${docdir}'
exec_prefix='${prefix}'
host_alias=''
htmldir='${docdir}'
includedir='${prefix}/include'
infodir='${datarootdir}/info'
install_sh='${SHELL} /home/satanik/essais/Raspi/Projets/Server/install-sh'
libdir='${exec_prefix}/lib'
libexecdir='${exec_prefix}/libexec'
localedir='${datarootdir}/locale'
localstatedir='${prefix}/var'
mandir='${datarootdir}/man'
mkdir_p='$(MKDIR_P)'
oldincludedir='/usr/include'
pdfdir='${docdir}'
prefix='/usr/local'
program_transform_name='s,x,x,'
psdir='${docdir}'
sbindir='${exec_prefix}/sbin'
sharedstatedir='${prefix}/com'
sysconfdir='${prefix}/etc'
target_alias=''

## ----------- ##
## confdefs.h. ##
## ----------- ##

/* confdefs.h */
#define PACKAGE_NAME "FULL-PACKAGE-NAME"
#define PACKAGE_TARNAME "full-package-name"
#define PACKAGE_VERSION "VERSION"
#define PACKAGE_STRING "FULL-PACKAGE-NAME VERSION"
#define PACKAGE_BUGREPORT "BUG-REPORT-ADDRESS"
#define PACKAGE_URL ""
#define PACKAGE "full-package-name"
#define VERSION "VERSION"
#define STDC_HEADERS 1
#define HAVE_SYS_TYPES_H 1
#define HAVE_SYS_STAT_H 1
#define HAVE_STDLIB_H 1
#define HAVE_STRING_H 1
#define HAVE_MEMORY_H 1
#define HAVE_STRINGS_H 1
#define HAVE_INTTYPES_H 1
#define HAVE_STDINT_H 1
#define HAVE_UNISTD_H 1
#define HAVE_STDLIB_H 1
#define HAVE_MALLOC 1

configure: exit 0
